<?xml version="1.0" encoding="UTF-8"?>
<!-- Generated by org.testng.reporters.JUnitXMLReporter -->
<testsuite ignored="0" hostname="faihaahadeedi" failures="0" tests="7" name="Default test" time="11.824" errors="0" timestamp="2024-10-01T14:01:59 GMT+03:00">
  <testcase classname="homePage.myTestCases" name="CheckTheDefaultLanguageIsEnglish" time="0.106"/>
  <testcase classname="homePage.myTestCases" name="DefultCurrencySARTest" time="0.115"/>
  <testcase classname="homePage.myTestCases" name="CheckContactNumber" time="0.077"/>
  <testcase classname="homePage.myTestCases" name="CheckQitafLogo" time="0.101"/>
  <testcase classname="homePage.myTestCases" name="TestHotelTabIsNotSelected" time="0.062"/>
  <testcase classname="homePage.myTestCases" name="CheckDepatureDate" time="0.963"/>
  <testcase classname="homePage.myTestCases" name="RandomlyChangeTheLanguage" time="3.084"/>
</testsuite> <!-- Default test -->
