<?xml version="1.0" encoding="UTF-8"?>
<!-- Generated by org.testng.reporters.JUnitXMLReporter -->
<testsuite ignored="0" hostname="faihaahadeedi" failures="0" tests="4" name="Default test" time="2.547" errors="0" timestamp="2024-09-30T16:05:07 GMT+03:00">
  <testcase classname="homePage.myTestCases" name="CheckTheDefaultLanguageIsEnglish" time="0.052"/>
  <testcase classname="homePage.myTestCases" name="DefultCurrencySARTest" time="0.037"/>
  <testcase classname="homePage.myTestCases" name="CheckContactNumber" time="0.025"/>
  <testcase classname="homePage.myTestCases" name="CheckQitafLogo" time="0.047"/>
</testsuite> <!-- Default test -->
