<?xml version="1.0" encoding="UTF-8"?>
<testng-results ignored="0" total="4" passed="4" failed="0" skipped="0">
  <reporter-output>
  </reporter-output>
  <suite started-at="2024-09-30T16:05:05 GMT+03:00" name="Default suite" finished-at="2024-09-30T16:05:07 GMT+03:00" duration-ms="2547">
    <groups>
    </groups>
    <test started-at="2024-09-30T16:05:05 GMT+03:00" name="Default test" finished-at="2024-09-30T16:05:07 GMT+03:00" duration-ms="2547">
      <class name="homePage.myTestCases">
        <test-method is-config="true" signature="mySetup()[pri:0, instance:homePage.myTestCases@4b2a01d4]" started-at="2024-09-30T16:05:05 GMT+03:00" name="mySetup" finished-at="2024-09-30T16:05:07 GMT+03:00" duration-ms="2351" status="PASS">
          <reporter-output>
          </reporter-output>
        </test-method> <!-- mySetup -->
        <test-method signature="CheckTheDefaultLanguageIsEnglish()[pri:1, instance:homePage.myTestCases@4b2a01d4]" started-at="2024-09-30T16:05:07 GMT+03:00" name="CheckTheDefaultLanguageIsEnglish" finished-at="2024-09-30T16:05:07 GMT+03:00" duration-ms="52" status="PASS">
          <reporter-output>
          </reporter-output>
        </test-method> <!-- CheckTheDefaultLanguageIsEnglish -->
        <test-method signature="DefultCurrencySARTest()[pri:2, instance:homePage.myTestCases@4b2a01d4]" started-at="2024-09-30T16:05:07 GMT+03:00" name="DefultCurrencySARTest" finished-at="2024-09-30T16:05:07 GMT+03:00" duration-ms="37" status="PASS">
          <reporter-output>
          </reporter-output>
        </test-method> <!-- DefultCurrencySARTest -->
        <test-method signature="CheckContactNumber()[pri:3, instance:homePage.myTestCases@4b2a01d4]" started-at="2024-09-30T16:05:07 GMT+03:00" name="CheckContactNumber" finished-at="2024-09-30T16:05:07 GMT+03:00" duration-ms="25" status="PASS">
          <reporter-output>
          </reporter-output>
        </test-method> <!-- CheckContactNumber -->
        <test-method signature="CheckQitafLogo()[pri:4, instance:homePage.myTestCases@4b2a01d4]" started-at="2024-09-30T16:05:07 GMT+03:00" name="CheckQitafLogo" finished-at="2024-09-30T16:05:07 GMT+03:00" duration-ms="47" status="PASS">
          <reporter-output>
          </reporter-output>
        </test-method> <!-- CheckQitafLogo -->
      </class> <!-- homePage.myTestCases -->
    </test> <!-- Default test -->
  </suite> <!-- Default suite -->
</testng-results>
