<?xml version="1.0" encoding="UTF-8"?>
<testng-results ignored="0" total="11" passed="11" failed="0" skipped="0">
  <reporter-output>
  </reporter-output>
  <suite started-at="2024-10-01T18:40:10 GMT+03:00" name="Default suite" finished-at="2024-10-01T18:41:04 GMT+03:00" duration-ms="53463">
    <groups>
    </groups>
    <test started-at="2024-10-01T18:40:10 GMT+03:00" name="Default test" finished-at="2024-10-01T18:41:04 GMT+03:00" duration-ms="53463">
      <class name="homePage.myTestCases">
        <test-method is-config="true" signature="mySetup()[pri:0, instance:homePage.myTestCases@23bff419]" started-at="2024-10-01T18:40:10 GMT+03:00" name="mySetup" finished-at="2024-10-01T18:40:17 GMT+03:00" duration-ms="7167" status="PASS">
          <reporter-output>
          </reporter-output>
        </test-method> <!-- mySetup -->
        <test-method signature="CheckTheDefaultLanguageIsEnglish()[pri:1, instance:homePage.myTestCases@23bff419]" started-at="2024-10-01T18:40:17 GMT+03:00" name="CheckTheDefaultLanguageIsEnglish" finished-at="2024-10-01T18:40:18 GMT+03:00" duration-ms="153" status="PASS">
          <reporter-output>
          </reporter-output>
        </test-method> <!-- CheckTheDefaultLanguageIsEnglish -->
        <test-method signature="DefultCurrencySARTest()[pri:2, instance:homePage.myTestCases@23bff419]" started-at="2024-10-01T18:40:18 GMT+03:00" name="DefultCurrencySARTest" finished-at="2024-10-01T18:40:18 GMT+03:00" duration-ms="122" status="PASS">
          <reporter-output>
          </reporter-output>
        </test-method> <!-- DefultCurrencySARTest -->
        <test-method signature="CheckContactNumber()[pri:3, instance:homePage.myTestCases@23bff419]" started-at="2024-10-01T18:40:18 GMT+03:00" name="CheckContactNumber" finished-at="2024-10-01T18:40:18 GMT+03:00" duration-ms="356" status="PASS">
          <reporter-output>
          </reporter-output>
        </test-method> <!-- CheckContactNumber -->
        <test-method signature="CheckQitafLogo()[pri:4, instance:homePage.myTestCases@23bff419]" started-at="2024-10-01T18:40:18 GMT+03:00" name="CheckQitafLogo" finished-at="2024-10-01T18:40:18 GMT+03:00" duration-ms="162" status="PASS">
          <reporter-output>
          </reporter-output>
        </test-method> <!-- CheckQitafLogo -->
        <test-method signature="TestHotelTabIsNotSelected()[pri:5, instance:homePage.myTestCases@23bff419]" started-at="2024-10-01T18:40:18 GMT+03:00" name="TestHotelTabIsNotSelected" finished-at="2024-10-01T18:40:20 GMT+03:00" duration-ms="2144" status="PASS">
          <reporter-output>
          </reporter-output>
        </test-method> <!-- TestHotelTabIsNotSelected -->
        <test-method signature="CheckDepatureDate()[pri:6, instance:homePage.myTestCases@23bff419]" started-at="2024-10-01T18:40:20 GMT+03:00" name="CheckDepatureDate" finished-at="2024-10-01T18:40:21 GMT+03:00" duration-ms="194" status="PASS">
          <reporter-output>
          </reporter-output>
        </test-method> <!-- CheckDepatureDate -->
        <test-method signature="RandomlyChangeTheLanguage()[pri:7, instance:homePage.myTestCases@23bff419]" started-at="2024-10-01T18:40:21 GMT+03:00" name="RandomlyChangeTheLanguage" finished-at="2024-10-01T18:40:24 GMT+03:00" duration-ms="2966" status="PASS">
          <reporter-output>
          </reporter-output>
        </test-method> <!-- RandomlyChangeTheLanguage -->
        <test-method signature="FillHotelTab()[pri:8, instance:homePage.myTestCases@23bff419]" started-at="2024-10-01T18:40:24 GMT+03:00" name="FillHotelTab" finished-at="2024-10-01T18:40:25 GMT+03:00" duration-ms="1510" status="PASS">
          <reporter-output>
          </reporter-output>
        </test-method> <!-- FillHotelTab -->
        <test-method signature="RandomlySelectTheNumberOFVistor()[pri:9, instance:homePage.myTestCases@23bff419]" started-at="2024-10-01T18:40:25 GMT+03:00" name="RandomlySelectTheNumberOFVistor" finished-at="2024-10-01T18:40:37 GMT+03:00" duration-ms="11969" status="PASS">
          <reporter-output>
          </reporter-output>
        </test-method> <!-- RandomlySelectTheNumberOFVistor -->
        <test-method signature="CheckThePageFullyLoded()[pri:10, instance:homePage.myTestCases@23bff419]" started-at="2024-10-01T18:40:37 GMT+03:00" name="CheckThePageFullyLoded" finished-at="2024-10-01T18:41:00 GMT+03:00" duration-ms="22743" status="PASS">
          <reporter-output>
          </reporter-output>
        </test-method> <!-- CheckThePageFullyLoded -->
        <test-method signature="SortItemsLowestToHighestPrice()[pri:11, instance:homePage.myTestCases@23bff419]" started-at="2024-10-01T18:41:00 GMT+03:00" name="SortItemsLowestToHighestPrice" finished-at="2024-10-01T18:41:04 GMT+03:00" duration-ms="3827" status="PASS">
          <reporter-output>
          </reporter-output>
        </test-method> <!-- SortItemsLowestToHighestPrice -->
      </class> <!-- homePage.myTestCases -->
    </test> <!-- Default test -->
  </suite> <!-- Default suite -->
</testng-results>
